AdditiveGaussianNoiseAutoencoderRunner.py
AutoencoderRunner.py
KwargsPlugin.py
MaskingNoiseAutoencoderRunner.py
RFFunctions.py
SpatialConvolutionMap.py
VariationalAutoencoderRunner.py
YoutubeDL.py
_scipy_sparse_lsqr_backport.py
add-version.py
adn.py
aes.py
aligner.py
all_models_test.py
anvato.py
arte.py
autoreload.py
bagging.py
bench_plot_neighbors.py
bench_plot_randomized_svd.py
bench_random_projections.py
bench_sample_without_replacement.py
bilibili.py
blocks_masked_conv2d_test.py
br.py
cg.py
cifar10_multi_gpu_train.py
cifar10_resnet.py
cmp_utils.py
cntk_backend.py
cocogan_train_domain_adaptation.py
compiler.py
compress.py
content.py
conv_filter_visualization.py
createsuperuser.py
custom_estimator.py
dash.py
data.py
data_reader.py
debug.py
decoder.py
deep_cnn.py
detect_multi_threaded.py
detect_single_image.py
dict_vectorizer.py
disk.py
disney.py
document_classification_20newsgroups.py
document_clustering.py
douyutv.py
dramafever.py
drtv.py
egohands_dataset_clean.py
eighttracks.py
eitb.py
errors.py
expert_paths.py
f4m.py
faster_rcnn_nas_feature_extractor.py
fc2.py
feature_map_generators.py
finders.py
format_stack.py
function_wrapper.py
gen_model_config.py
gen_variable_type.py
go.py
graph_utils.py
grid_search.py
hashers.py
hashing_vs_dict_vectorizer.py
hetero_feature_union.py
hls.py
html.py
inception_distributed_train.py
inception_train.py
iqiyi.py
ism.py
kankan.py
least_angle.py
leeco.py
lfads.py
limelight.py
linear_assignment_.py
lm_1b_eval.py
loaddata.py
logistic.py
lstm_text_generation.py
makemigrations.py
metaopt.py
mnist_acgan.py
mnist_swwae.py
mobilenet_v1.py
mtv.py
multilayer_perceptron.py
multiprocess.py
nasnet.py
nasnet_utils.py
nav_utils.py
nearest.py
network_units.py
neural_gpu_trainer.py
neural_programmer.py
nexx.py
nfl.py
ninja_builder.py
nmf.py
noco.py
numberformat.py
optimize.py
page.py
parse_path.py
parse_to_conll.py
parser_trainer.py
password_validation.py
performgroup.py
playtvak.py
plot_logistic_multinomial.py
plot_prediction_latency.py
plot_robust_fit.py
plot_svm_kernels.py
plot_svm_margin.py
polygon.py
premade_estimator.py
prep.py
preprocess_imagenet_validation_data.py
process_bounding_boxes.py
program_utils.py
progressive.py
pyparsing.py
questioner.py
reader_ops_test.py
real_nvp_multiscale_dataset.py
rebar_train.py
redbulltv.py
resolvers.py
rnn.py
rtmp.py
runtests.py
script_distill.py
script_env_vis.py
script_plot_trajectory.py
smotri.py
sohu.py
spectral.py
stochastic.py
streamcz.py
svg2imagemap.py
tensorflow_backend.py
terminal.py
test.py
test_binsum_generator.py
test_cross_validation.py
test_cuda.py
test_data.py
test_distributed.py
test_download.py
test_ds.py
test_functions.py
test_gaussian_mixture.py
test_geom.py
test_gpr.py
test_gradient_boosting_loss_functions.py
test_grid_search.py
test_histogram_generator.py
test_kernels.py
test_least_angle.py
test_logistic.py
test_mlp.py
test_multiclass.py
test_neighbors.py
test_nn.py
test_pca.py
test_random_projection.py
test_ranking.py
test_ridge.py
test_sag.py
test_search.py
test_sparsefuncs.py
test_spectral_embedding.py
test_split.py
test_stochastic_optimizers.py
test_supervised.py
test_t_sne.py
test_torch.py
test_tree.py
text.py
text2bin.py
train_eval.py
trainer_lib.py
trans_real.py
twitch.py
update-feed.py
views.py
viewster.py
vis_utils.py
visualization_utils.py
wikipedia_principal_eigenvector.py
word2vec.py
word2vec_optimized.py
wordsim.py
yandexmusic.py
youtube.py
