python_code/visualization_utils.py:439:3: A200 assignment of constant value to variable class_name can be hoisted from loop at line 453
python_code/bench_plot_neighbors.py:111:5: A200 assignment of constant value to variable width can be hoisted from loop at line 132
python_code/questioner.py:123:9: A200 assignment of constant value to variable prompt can be hoisted from loop at line 127
python_code/questioner.py:134:17: A424 dead code after sys.exit() expression on line 134.
python_code/questioner.py:155:17: A424 dead code after sys.exit() expression on line 155.
python_code/questioner.py:180:17: A424 dead code after sys.exit() expression on line 180.
python_code/questioner.py:219:17: A424 dead code after sys.exit() expression on line 219.
python_code/questioner.py:229:9: A424 dead code after sys.exit() expression on line 229.
python_code/questioner.py:237:9: A424 dead code after sys.exit() expression on line 237.
python_code/ism.py:227:9: A200 assignment of constant value to variable count can be hoisted from loop at line 231
python_code/test_logistic.py:356:5: A200 assignment of constant value to variable e can be hoisted from loop at line 374
python_code/test_logistic.py:1039:5: A200 assignment of constant value to variable n_classes can be hoisted from loop at line 1058
python_code/optimize.py:170:5: A200 assignment of constant value to variable alphak can be hoisted from loop at line 187
python_code/cmp_utils.py:121:3: A200 assignment of constant value to variable stride can be hoisted from loop at line 128
python_code/trainer_lib.py:127:3: A200 assignment of constant value to variable cumulative_steps can be hoisted from loop at line 129
python_code/decoder.py:227:5: A200 assignment of constant value to variable zeros_needed can be hoisted from loop at line 240
python_code/neural_programmer.py:128:3: A200 assignment of constant value to variable train_set_loss can be hoisted from loop at line 148
python_code/RFFunctions.py:16:5: A200 assignment of constant value to variable capture can be hoisted from loop at line 48
python_code/bench_plot_randomized_svd.py:306:5: A200 assignment of constant value to variable label can be hoisted from loop at line 327
python_code/rebar_train.py:108:5: A200 assignment of constant value to variable i can be hoisted from loop at line 113
python_code/test_supervised.py:33:5: A200 assignment of constant value to variable expected can be hoisted from loop at line 43
python_code/lstm_text_generation.py:72:1: A200 assignment of constant value to variable generated can be hoisted from loop at line 86
python_code/rtmp.py:32:13: A200 assignment of constant value to variable line can be hoisted from loop at line 34
python_code/trans_real.py:524:5: A200 assignment of constant value to variable priority can be hoisted from loop at line 531
python_code/disk.py:89:5: A200 assignment of constant value to variable err_count can be hoisted from loop at line 97
python_code/word2vec_optimized.py:419:5: A424 dead code after sys.exit() expression on line 419.
python_code/test_split.py:654:5: A200 assignment of constant value to variable n_splits_actual can be hoisted from loop at line 662
python_code/test_split.py:774:5: A200 assignment of constant value to variable test_size can be hoisted from loop at line 777
python_code/test_split.py:774:5: A200 assignment of constant value to variable n_splits can be hoisted from loop at line 776
python_code/aligner.py:125:5: A200 assignment of constant value to variable op_code can be hoisted from loop at line 133
python_code/password_validation.py:24:5: A200 assignment of constant value to variable msg can be hoisted from loop at line 28
python_code/egohands_dataset_clean.py:39:5: A200 assignment of constant value to variable index can be hoisted from loop at line 40
python_code/egohands_dataset_clean.py:39:5: A200 assignment of constant value to variable height can be hoisted from loop at line 60
python_code/egohands_dataset_clean.py:39:5: A200 assignment of constant value to variable width can be hoisted from loop at line 60
python_code/egohands_dataset_clean.py:39:5: A200 assignment of constant value to variable findex can be hoisted from loop at line 62
python_code/egohands_dataset_clean.py:117:5: A200 assignment of constant value to variable loop_index can be hoisted from loop at line 121
python_code/test_download.py:61:16: A370 insecure hash function hashlib.md5
python_code/test_download.py:250:1: A200 assignment of constant value to variable i can be hoisted from loop at line 252
python_code/cg.py:99:5: A200 assignment of constant value to variable success can be hoisted from loop at line 140
python_code/detect_multi_threaded.py:88:5: A200 assignment of constant value to variable num_frames can be hoisted from loop at line 114
python_code/script_env_vis.py:171:5: A424 dead code after sys.exit() expression on line 171.
python_code/test_tree.py:797:5: A200 assignment of constant value to variable min_impurity_split can be hoisted from loop at line 799
python_code/nav_utils.py:344:7: A422 dead code after if(False) statement.
python_code/youtube.py:1831:13: A200 assignment of constant value to variable ASSETS_RE can be hoisted from loop at line 1839
python_code/compiler.py:1314:9: A200 assignment of constant value to variable placeholder can be hoisted from loop at line 1340
python_code/AutoencoderRunner.py:40:1: A200 assignment of constant value to variable avg_cost can be hoisted from loop at line 41
python_code/cifar10_multi_gpu_train.py:243:5: A200 assignment of constant value to variable format_str can be hoisted from loop at line 255
python_code/least_angle.py:209:5: A200 assignment of constant value to variable i can be hoisted from loop at line 357
python_code/least_angle.py:209:5: A200 assignment of constant value to variable C can be hoisted from loop at line 223
python_code/preprocess_imagenet_validation_data.py:61:5: A424 dead code after sys.exit() expression on line 61.
python_code/preprocess_imagenet_validation_data.py:80:7: A424 dead code after sys.exit() expression on line 80.
python_code/format_stack.py:155:5: A200 assignment of constant value to variable marker can be hoisted from loop at line 166
python_code/format_stack.py:183:5: A200 assignment of constant value to variable lvals can be hoisted from loop at line 312
python_code/test_cross_validation.py:525:5: A200 assignment of constant value to variable n_splits can be hoisted from loop at line 533
python_code/test_cross_validation.py:594:5: A200 assignment of constant value to variable n_iter can be hoisted from loop at line 595
python_code/test_cross_validation.py:594:5: A200 assignment of constant value to variable test_size can be hoisted from loop at line 596
python_code/hls.py:120:9: A200 assignment of constant value to variable count can be hoisted from loop at line 136
python_code/hls.py:167:40: A371 insecure cipher block mode: MODE_CBC
python_code/hashing_vs_dict_vectorizer.py:78:5: A424 dead code after sys.exit() expression on line 78.
python_code/terminal.py:803:9: A200 assignment of constant value to variable current_line can be hoisted from loop at line 806
python_code/leeco.py:300:23: A370 insecure hash function hashlib.md5
python_code/test_search.py:912:5: A200 assignment of constant value to variable expected_test_mean can be hoisted from loop at line 938
python_code/test_mlp.py:176:5: A200 assignment of constant value to variable epsilon can be hoisted from loop at line 222
python_code/test_mlp.py:176:5: A200 assignment of constant value to variable n_features can be hoisted from loop at line 178
python_code/test_mlp.py:176:5: A200 assignment of constant value to variable n_samples can be hoisted from loop at line 177
python_code/plot_svm_margin.py:38:1: A200 assignment of constant value to variable x_min can be hoisted from loop at line 70
python_code/plot_svm_margin.py:38:1: A200 assignment of constant value to variable y_max can be hoisted from loop at line 73
python_code/plot_svm_margin.py:38:1: A200 assignment of constant value to variable y_min can be hoisted from loop at line 72
python_code/plot_svm_margin.py:38:1: A200 assignment of constant value to variable x_max can be hoisted from loop at line 71
python_code/createsuperuser.py:172:17: A424 dead code after sys.exit() expression on line 172.
python_code/premade_estimator.py:124:5: A200 assignment of constant value to variable template can be hoisted from loop at line 125
python_code/resolvers.py:203:5: A200 assignment of constant value to variable raw_converter can be hoisted from loop at line 219
python_code/bagging.py:587:9: A200 assignment of constant value to variable j can be hoisted from loop at line 599
python_code/nfl.py:190:13: A200 assignment of constant value to variable preference can be hoisted from loop at line 208
python_code/multilayer_perceptron.py:514:13: A200 assignment of constant value to variable accumulated_loss can be hoisted from loop at line 516
python_code/metaopt.py:148:3: A200 assignment of constant value to variable additional_log_info can be hoisted from loop at line 307
python_code/metaopt.py:148:3: A200 assignment of constant value to variable last_index can be hoisted from loop at line 299
python_code/metaopt.py:148:3: A200 assignment of constant value to variable unroll_itr can be hoisted from loop at line 306
python_code/logistic.py:704:5: A200 assignment of constant value to variable beta can be hoisted from loop at line 749
python_code/finders.py:58:9: A200 assignment of constant value to variable prefix can be hoisted from loop at line 62
python_code/network_units.py:760:5: A200 assignment of constant value to variable fixed_dim can be hoisted from loop at line 768
python_code/test_histogram_generator.py:34:5: A200 assignment of constant value to variable inum can be hoisted from loop at line 37
python_code/aes.py:313:5: A200 assignment of constant value to variable mixed can be hoisted from loop at line 314
python_code/makemigrations.py:74:13: A424 dead code after sys.exit() expression on line 74.
python_code/makemigrations.py:175:17: A424 dead code after sys.exit() expression on line 175.
python_code/makemigrations.py:233:9: A200 assignment of constant value to variable biggest_number can be hoisted from loop at line 278
python_code/yandexmusic.py:84:15: A370 insecure hash function hashlib.md5
python_code/word2vec.py:513:5: A424 dead code after sys.exit() expression on line 513.
python_code/numberformat.py:58:9: A200 assignment of constant value to variable cnt can be hoisted from loop at line 63
python_code/plot_prediction_latency.py:237:5: A200 assignment of constant value to variable n_predictions can be hoisted from loop at line 240
python_code/test_torch.py:30:9: A200 assignment of constant value to variable res2 can be hoisted from loop at line 34
python_code/test_torch.py:40:9: A200 assignment of constant value to variable res2 can be hoisted from loop at line 44
python_code/test_torch.py:356:9: A200 assignment of constant value to variable dim can be hoisted from loop at line 375
python_code/test_torch.py:1083:9: A200 assignment of constant value to variable n_sample can be hoisted from loop at line 1086
python_code/test_torch.py:1230:9: A200 assignment of constant value to variable ds can be hoisted from loop at line 1239
python_code/test_torch.py:2481:13: A200 assignment of constant value to variable multiplier can be hoisted from loop at line 2485
python_code/test_torch.py:4523:9: A200 assignment of constant value to variable sz2 can be hoisted from loop at line 4551
python_code/test_torch.py:4523:9: A200 assignment of constant value to variable sz can be hoisted from loop at line 4525
python_code/test_torch.py:4523:9: A200 assignment of constant value to variable sz1 can be hoisted from loop at line 4550
python_code/test_torch.py:4942:9: A200 assignment of constant value to variable idx can be hoisted from loop at line 4945
python_code/test_torch.py:5011:1: A200 assignment of constant value to variable extra_dim can be hoisted from loop at line 5014
python_code/iqiyi.py:26:12: A370 insecure hash function hashlib.md5
python_code/fc2.py:93:16: A370 insecure hash function hashlib.md5
python_code/mtv.py:114:9: A200 assignment of constant value to variable ext can be hoisted from loop at line 124
python_code/stochastic.py:342:5: A200 assignment of constant value to variable doc_foot can be hoisted from loop at line 349
python_code/stochastic.py:342:5: A200 assignment of constant value to variable s can be hoisted from loop at line 370
python_code/cocogan_train_domain_adaptation.py:55:3: A200 assignment of constant value to variable score can be hoisted from loop at line 74
python_code/cocogan_train_domain_adaptation.py:55:3: A200 assignment of constant value to variable num_samples can be hoisted from loop at line 75
python_code/html.py:297:5: A200 assignment of constant value to variable nofollow_attr can be hoisted from loop at line 322
python_code/script_distill.py:81:3: A422 dead code after if(False) statement.
python_code/polygon.py:88:9: A423 dead code after if(n_holes) statement, indirect if(0) detected.
python_code/test_ridge.py:633:5: A200 assignment of constant value to variable sample_weights_OK_2 can be hoisted from loop at line 638
python_code/test_ridge.py:633:5: A200 assignment of constant value to variable sample_weights_OK_1 can be hoisted from loop at line 637
python_code/graph_utils.py:163:3: A422 dead code after if(False) statement.
python_code/performgroup.py:53:9: A200 assignment of constant value to variable format_id can be hoisted from loop at line 58
python_code/test_geom.py:152:9: A200 assignment of constant value to variable msg can be hoisted from loop at line 160
python_code/test_geom.py:174:9: A200 assignment of constant value to variable msg can be hoisted from loop at line 186
python_code/test_geom.py:211:9: A200 assignment of constant value to variable msg can be hoisted from loop at line 217
python_code/test_geom.py:263:9: A200 assignment of constant value to variable msg can be hoisted from loop at line 270
python_code/inception_distributed_train.py:276:7: A200 assignment of constant value to variable format_str can be hoisted from loop at line 287
python_code/page.py:92:13: A424 dead code after sys.exit() expression on line 92.
python_code/page.py:96:9: A424 dead code after sys.exit() expression on line 96.
python_code/test_nn.py:3673:9: A200 assignment of constant value to variable a can be hoisted from loop at line 3683
python_code/test_nn.py:3706:9: A200 assignment of constant value to variable a can be hoisted from loop at line 3716
python_code/adn.py:62:9: A200 assignment of constant value to variable sub_lang can be hoisted from loop at line 82
python_code/adn.py:62:9: A200 assignment of constant value to variable srt can be hoisted from loop at line 63
python_code/playtvak.py:126:9: A200 assignment of constant value to variable preference can be hoisted from loop at line 143
python_code/process_bounding_boxes.py:173:5: A424 dead code after sys.exit() expression on line 173.
python_code/bench_sample_without_replacement.py:73:9: A424 dead code after sys.exit() expression on line 73.
python_code/smotri.py:176:34: A370 insecure hash function hashlib.md5
python_code/smotri.py:362:33: A370 insecure hash function hashlib.md5
python_code/test_gpr.py:87:5: A200 assignment of constant value to variable tiny can be hoisted from loop at line 94
python_code/all_models_test.py:32:5: A200 assignment of constant value to variable width can be hoisted from loop at line 43
python_code/all_models_test.py:32:5: A200 assignment of constant value to variable depth can be hoisted from loop at line 44
python_code/all_models_test.py:32:5: A200 assignment of constant value to variable batch_size can be hoisted from loop at line 41
python_code/all_models_test.py:32:5: A200 assignment of constant value to variable height can be hoisted from loop at line 42
python_code/redbulltv.py:106:9: A200 assignment of constant value to variable ext can be hoisted from loop at line 117
python_code/test_gradient_boosting_loss_functions.py:164:5: A200 assignment of constant value to variable k can be hoisted from loop at line 176
python_code/test_least_angle.py:42:9: A200 assignment of constant value to variable eps can be hoisted from loop at line 46
python_code/test_least_angle.py:64:5: A200 assignment of constant value to variable eps can be hoisted from loop at line 68
python_code/test.py:59:13: A424 dead code after sys.exit() expression on line 59.
python_code/nexx.py:167:25: A370 insecure hash function hashlib.md5
python_code/test_gaussian_mixture.py:924:5: A200 assignment of constant value to variable n_samples can be hoisted from loop at line 938
python_code/kankan.py:8:18: A370 insecure hash function hashlib.md5
python_code/gen_variable_type.py:355:5: A200 assignment of constant value to variable num_inputs can be hoisted from loop at line 411
python_code/gen_variable_type.py:678:9: A200 assignment of constant value to variable suffix can be hoisted from loop at line 689
python_code/gen_variable_type.py:920:5: A200 assignment of constant value to variable default can be hoisted from loop at line 948
python_code/dash.py:31:9: A200 assignment of constant value to variable count can be hoisted from loop at line 38
python_code/disney.py:104:9: A200 assignment of constant value to variable ext can be hoisted from loop at line 122
python_code/cifar10_resnet.py:254:5: A200 assignment of constant value to variable filter_multiplier can be hoisted from loop at line 256
python_code/douyutv.py:98:16: A370 insecure hash function hashlib.md5
python_code/document_classification_20newsgroups.py:96:5: A424 dead code after sys.exit() expression on line 96.
python_code/data_reader.py:135:3: A200 assignment of constant value to variable n_sample can be hoisted from loop at line 144
python_code/test_binsum_generator.py:33:5: A200 assignment of constant value to variable inum can be hoisted from loop at line 36
python_code/wikipedia_principal_eigenvector.py:210:5: A200 assignment of constant value to variable scores_max can be hoisted from loop at line 218
python_code/_scipy_sparse_lsqr_backport.py:349:5: A200 assignment of constant value to variable istop can be hoisted from loop at line 462
python_code/tensorflow_backend.py:1145:5: A423 dead code after if(diff) statement, indirect if(0) detected.
python_code/sohu.py:132:9: A200 assignment of constant value to variable retries can be hoisted from loop at line 143
python_code/inception_train.py:336:5: A200 assignment of constant value to variable format_str can be hoisted from loop at line 345
python_code/loaddata.py:150:9: A200 assignment of constant value to variable objects_in_fixture can be hoisted from loop at line 156
python_code/loaddata.py:150:9: A200 assignment of constant value to variable loaded_objects_in_fixture can be hoisted from loop at line 157
python_code/test_kernels.py:281:5: A200 assignment of constant value to variable value can be hoisted from loop at line 300
python_code/progressive.py:196:5: A200 assignment of constant value to variable epsilon can be hoisted from loop at line 200
python_code/dict_vectorizer.py:166:9: A200 assignment of constant value to variable v can be hoisted from loop at line 170
python_code/dict_vectorizer.py:300:13: A200 assignment of constant value to variable v can be hoisted from loop at line 304
python_code/prep.py:226:3: A200 assignment of constant value to variable current_pos can be hoisted from loop at line 245
python_code/test_multiclass.py:271:5: A200 assignment of constant value to variable msg can be hoisted from loop at line 274
python_code/test_multiclass.py:289:5: A200 assignment of constant value to variable msg_regex can be hoisted from loop at line 290
python_code/test_multiclass.py:293:5: A200 assignment of constant value to variable msg can be hoisted from loop at line 294
python_code/function_wrapper.py:565:9: A200 assignment of constant value to variable actual_return_type can be hoisted from loop at line 578
python_code/test_ranking.py:118:5: A200 assignment of constant value to variable prec can be hoisted from loop at line 122
python_code/content.py:664:9: A200 assignment of constant value to variable nsfw_count can be hoisted from loop at line 686
python_code/test_ds.py:72:9: A200 assignment of constant value to variable msg can be hoisted from loop at line 86
python_code/test_ds.py:101:9: A200 assignment of constant value to variable msg can be hoisted from loop at line 145
python_code/program_utils.py:397:3: A200 assignment of constant value to variable save_counter can be hoisted from loop at line 420
python_code/limelight.py:96:9: A200 assignment of constant value to variable format_id can be hoisted from loop at line 125
python_code/gen_model_config.py:106:5: A200 assignment of constant value to variable num_valid can be hoisted from loop at line 114
python_code/faster_rcnn_nas_feature_extractor.py:76:3: A200 assignment of constant value to variable stride can be hoisted from loop at line 77
python_code/debug.py:410:9: A200 assignment of constant value to variable context_line can be hoisted from loop at line 427
python_code/noco.py:93:14: A370 insecure hash function hashlib.md5
python_code/noco.py:93:27: A370 insecure hash function hashlib.md5
python_code/compress.py:33:9: A424 dead code after sys.exit() expression on line 33.
python_code/plot_svm_kernels.py:50:1: A200 assignment of constant value to variable x_min can be hoisted from loop at line 64
python_code/plot_svm_kernels.py:50:1: A200 assignment of constant value to variable y_max can be hoisted from loop at line 67
python_code/plot_svm_kernels.py:50:1: A200 assignment of constant value to variable y_min can be hoisted from loop at line 66
python_code/plot_svm_kernels.py:50:1: A200 assignment of constant value to variable x_max can be hoisted from loop at line 65
python_code/parser_trainer.py:241:3: A200 assignment of constant value to variable cost_sum can be hoisted from loop at line 251
python_code/grid_search.py:583:9: A200 assignment of constant value to variable n_test_samples can be hoisted from loop at line 584
python_code/grid_search.py:583:9: A200 assignment of constant value to variable score can be hoisted from loop at line 585
python_code/test_cuda.py:1081:5: A200 assignment of constant value to variable desc can be hoisted from loop at line 1087
python_code/bilibili.py:117:16: A370 insecure hash function hashlib.md5
python_code/text.py:194:9: A200 assignment of constant value to variable offset can be hoisted from loop at line 198
python_code/br.py:252:9: A200 assignment of constant value to variable format_id can be hoisted from loop at line 265
python_code/hashers.py:514:16: A370 insecure hash function hashlib.md5
python_code/hashers.py:589:16: A370 insecure hash function hashlib.md5
python_code/test_sparsefuncs.py:87:5: A200 assignment of constant value to variable n_features can be hoisted from loop at line 89
python_code/test_sparsefuncs.py:87:5: A200 assignment of constant value to variable last_n can be hoisted from loop at line 97
python_code/test_sparsefuncs.py:87:5: A200 assignment of constant value to variable n_samples can be hoisted from loop at line 90
python_code/custom_estimator.py:175:5: A200 assignment of constant value to variable template can be hoisted from loop at line 176
python_code/SpatialConvolutionMap.py:47:13: A200 assignment of constant value to variable frcntr can be hoisted from loop at line 52
python_code/test_functions.py:363:9: A200 assignment of constant value to variable tol can be hoisted from loop at line 364
python_code/script_plot_trajectory.py:153:3: A200 assignment of constant value to variable tmp_file_name can be hoisted from loop at line 265
python_code/multiprocess.py:95:9: A424 dead code after sys.exit() expression on line 95.
python_code/eighttracks.py:126:9: A200 assignment of constant value to variable download_tries can be hoisted from loop at line 128
python_code/spectral.py:107:5: A200 assignment of constant value to variable n_iter can be hoisted from loop at line 125
python_code/ninja_builder.py:35:13: A424 dead code after sys.exit() expression on line 35.
python_code/test_t_sne.py:591:5: A200 assignment of constant value to variable n_features can be hoisted from loop at line 592
python_code/go.py:165:9: A200 assignment of constant value to variable ext can be hoisted from loop at line 171
python_code/anvato.py:28:12: A370 insecure hash function hashlib.md5
python_code/streamcz.py:20:12: A370 insecure hash function hashlib.md5
python_code/detect_single_image.py:35:5: A200 assignment of constant value to variable num_hands_detect can be hoisted from loop at line 39
python_code/wordsim.py:48:3: A424 dead code after sys.exit() expression on line 48.
python_code/wordsim.py:61:3: A424 dead code after sys.exit() expression on line 61.
python_code/wordsim.py:65:3: A424 dead code after sys.exit() expression on line 65.
python_code/wordsim.py:71:3: A424 dead code after sys.exit() expression on line 71.
python_code/AdditiveGaussianNoiseAutoencoderRunner.py:41:1: A200 assignment of constant value to variable avg_cost can be hoisted from loop at line 42
python_code/mobilenet_v1.py:212:7: A200 assignment of constant value to variable layer_rate can be hoisted from loop at line 224
python_code/real_nvp_multiscale_dataset.py:1481:13: A200 assignment of constant value to variable format_str can be hoisted from loop at line 1499
python_code/f4m.py:195:5: A200 assignment of constant value to variable fragments_count can be hoisted from loop at line 200
python_code/test_data.py:436:5: A200 assignment of constant value to variable tol can be hoisted from loop at line 446
python_code/svg2imagemap.py:36:5: A424 dead code after sys.exit() expression on line 36.
python_code/svg2imagemap.py:38:5: A424 dead code after sys.exit() expression on line 38.
python_code/errors.py:92:5: A424 dead code after sys.exit() expression on line 92.
python_code/VariationalAutoencoderRunner.py:39:1: A200 assignment of constant value to variable avg_cost can be hoisted from loop at line 40
python_code/test_spectral_embedding.py:55:5: A200 assignment of constant value to variable n_random_connections can be hoisted from loop at line 64
python_code/drtv.py:100:9: A200 assignment of constant value to variable preference can be hoisted from loop at line 116
python_code/cntk_backend.py:1355:9: A200 assignment of constant value to variable i can be hoisted from loop at line 1357
python_code/eitb.py:42:9: A200 assignment of constant value to variable format_id can be hoisted from loop at line 47
python_code/update-feed.py:47:1: A200 assignment of constant value to variable faked can be hoisted from loop at line 50
python_code/update-feed.py:47:1: A200 assignment of constant value to variable patchlevel can be hoisted from loop at line 65
python_code/mnist_acgan.py:179:5: A200 assignment of constant value to variable num_rows can be hoisted from loop at line 306
python_code/mnist_acgan.py:179:5: A200 assignment of constant value to variable ROW_FMT can be hoisted from loop at line 289
python_code/autoreload.py:276:13: A424 dead code after sys.exit() expression on line 276.
python_code/autoreload.py:312:17: A424 dead code after sys.exit() expression on line 312.
python_code/hetero_feature_union.py:109:9: A200 assignment of constant value to variable prefix can be hoisted from loop at line 115
python_code/feature_map_generators.py:121:3: A200 assignment of constant value to variable stride can be hoisted from loop at line 142
python_code/plot_logistic_multinomial.py:25:1: A200 assignment of constant value to variable h can be hoisted from loop at line 33
python_code/plot_logistic_multinomial.py:25:1: A200 assignment of constant value to variable colors can be hoisted from loop at line 50
python_code/YoutubeDL.py:668:13: A200 assignment of constant value to variable FORMAT_RE can be hoisted from loop at line 673
python_code/bench_random_projections.py:145:9: A424 dead code after sys.exit() expression on line 145.
python_code/neural_gpu_trainer.py:448:5: A424 dead code after sys.exit() expression on line 448.
python_code/neural_gpu_trainer.py:454:5: A424 dead code after sys.exit() expression on line 454.
python_code/neural_gpu_trainer.py:485:5: A424 dead code after sys.exit() expression on line 485.
python_code/neural_gpu_trainer.py:662:5: A200 assignment of constant value to variable bin_bound can be hoisted from loop at line 797
python_code/neural_gpu_trainer.py:876:7: A200 assignment of constant value to variable used_batch_size can be hoisted from loop at line 888
python_code/neural_gpu_trainer.py:954:5: A200 assignment of constant value to variable glen can be hoisted from loop at line 974
python_code/parse_to_conll.py:109:5: A200 assignment of constant value to variable output_node can be hoisted from loop at line 115
python_code/parse_to_conll.py:172:5: A200 assignment of constant value to variable output_node can be hoisted from loop at line 182
python_code/arte.py:123:9: A200 assignment of constant value to variable lang_pref can be hoisted from loop at line 165
python_code/viewster.py:121:9: A200 assignment of constant value to variable QUALITIES_RE can be hoisted from loop at line 166
python_code/dramafever.py:140:17: A200 assignment of constant value to variable episode_fallback can be hoisted from loop at line 149
python_code/KwargsPlugin.py:29:9: A200 assignment of constant value to variable offset can be hoisted from loop at line 31
python_code/MaskingNoiseAutoencoderRunner.py:41:1: A200 assignment of constant value to variable avg_cost can be hoisted from loop at line 42
python_code/test_distributed.py:24:5: A424 dead code after sys.exit() expression on line 24.
python_code/test_distributed.py:35:13: A424 dead code after sys.exit() expression on line 35.
python_code/test_distributed.py:80:9: A200 assignment of constant value to variable arrived can be hoisted from loop at line 81
python_code/test_distributed.py:548:21: A424 dead code after sys.exit() expression on line 548.
python_code/test_distributed.py:552:13: A424 dead code after sys.exit() expression on line 552.
python_code/lfads.py:1470:5: A200 assignment of constant value to variable n_lve can be hoisted from loop at line 1486
python_code/expert_paths.py:96:5: A200 assignment of constant value to variable tot can be hoisted from loop at line 110
python_code/expert_paths.py:121:5: A200 assignment of constant value to variable tot can be hoisted from loop at line 135
python_code/test_sag.py:147:5: A200 assignment of constant value to variable wscale can be hoisted from loop at line 210
python_code/vis_utils.py:65:5: A200 assignment of constant value to variable outputlabels can be hoisted from loop at line 87
python_code/vis_utils.py:65:5: A200 assignment of constant value to variable inputlabels can be hoisted from loop at line 94
python_code/text2bin.py:54:3: A424 dead code after sys.exit() expression on line 54.
python_code/lm_1b_eval.py:181:3: A200 assignment of constant value to variable sent can be hoisted from loop at line 187
python_code/conv_filter_visualization.py:62:1: A200 assignment of constant value to variable step can be hoisted from loop at line 86
python_code/nmf.py:481:5: A200 assignment of constant value to variable violation can be hoisted from loop at line 482
python_code/twitch.py:333:9: A200 assignment of constant value to variable counter_override can be hoisted from loop at line 354
python_code/add-version.py:12:5: A424 dead code after sys.exit() expression on line 12.
python_code/deep_cnn.py:505:5: A200 assignment of constant value to variable format_str can be hoisted from loop at line 534
python_code/test_neighbors.py:348:22: A422 dead code after if(False) statement.
python_code/test_neighbors.py:663:5: A200 assignment of constant value to variable empty_warning_msg can be hoisted from loop at line 669
python_code/nasnet.py:460:3: A200 assignment of constant value to variable stride can be hoisted from loop at line 461
python_code/reader_ops_test.py:251:5: A200 assignment of constant value to variable norm_e can be hoisted from loop at line 268
python_code/reader_ops_test.py:251:5: A200 assignment of constant value to variable norm_a can be hoisted from loop at line 266
python_code/reader_ops_test.py:251:5: A200 assignment of constant value to variable norm_c can be hoisted from loop at line 267
python_code/rnn.py:122:5: A200 assignment of constant value to variable min_dim can be hoisted from loop at line 142
python_code/nasnet_utils.py:175:3: A200 assignment of constant value to variable stride can be hoisted from loop at line 186
python_code/test_grid_search.py:616:5: A200 assignment of constant value to variable i can be hoisted from loop at line 623
python_code/document_clustering.py:114:5: A424 dead code after sys.exit() expression on line 114.
python_code/test_random_projection.py:229:5: A200 assignment of constant value to variable expected_msg can be hoisted from loop at line 231
python_code/parse_path.py:12:5: A424 dead code after sys.exit() expression on line 12.
python_code/data.py:1300:9: A200 assignment of constant value to variable name can be hoisted from loop at line 1307
python_code/mnist_swwae.py:149:5: A424 dead code after sys.exit() expression on line 149.
python_code/train_eval.py:255:7: A200 assignment of constant value to variable eve_counter can be hoisted from loop at line 258
python_code/runtests.py:179:9: A424 dead code after sys.exit() expression on line 179.
python_code/runtests.py:480:13: A424 dead code after sys.exit() expression on line 480.
python_code/views.py:345:13: A200 assignment of constant value to variable template_contents can be hoisted from loop at line 351
python_code/pyparsing.py:390:9: A200 assignment of constant value to variable sep can be hoisted from loop at line 395
python_code/pyparsing.py:463:9: A200 assignment of constant value to variable resTag can be hoisted from loop at line 484
python_code/test_pca.py:360:5: A200 assignment of constant value to variable n_components can be hoisted from loop at line 393
python_code/blocks_masked_conv2d_test.py:182:5: A200 assignment of constant value to variable v can be hoisted from loop at line 185
python_code/nearest.py:30:3: A424 dead code after sys.exit() expression on line 30.
python_code/linear_assignment_.py:236:5: A200 assignment of constant value to variable col can be hoisted from loop at line 252
python_code/plot_robust_fit.py:74:1: A200 assignment of constant value to variable legend_title can be hoisted from loop at line 91
python_code/test_stochastic_optimizers.py:86:5: A200 assignment of constant value to variable t can be hoisted from loop at line 91
